Using pre-set license
Built from '2020.3/staging' branch; Version is '2020.3.0f1 (c7b5465681fb) revision 13088070'; Using compiler version '192528614'; Build Type 'Release'
OS: 'Windows 10 Home Single Language; OS build 19041.867; Version 2004; 64bit' Language: 'en' Physical Memory: 24418 MB
BatchMode: 1, IsHumanControllingUs: 0, StartBugReporterOnCrash: 0, Is64bit: 1, IsPro: 0

 COMMAND LINE ARGUMENTS:
D:\Unity\2020.3.0f1\Editor\Unity.exe
-adb2
-batchMode
-noUpm
-name
AssetImportWorker0
-projectPath
D:/ProjectUnityGO/unity/unity/The-Journey-Of-Wizard
-logFile
Logs/AssetImportWorker0.log
-srvPort
53159
Successfully changed project path to: D:/ProjectUnityGO/unity/unity/The-Journey-Of-Wizard
D:/ProjectUnityGO/unity/unity/The-Journey-Of-Wizard
Using Asset Import Pipeline V2.
Refreshing native plugins compatible for Editor in 126.12 ms, found 1 plugins.
Preloading 0 native plugins for Editor in 0.00 ms.
Initialize engine version: 2020.3.0f1 (c7b5465681fb)
[Subsystems] Discovering subsystems at path D:/Unity/2020.3.0f1/Editor/Data/Resources/UnitySubsystems
[Subsystems] Discovering subsystems at path D:/ProjectUnityGO/unity/unity/The-Journey-Of-Wizard/Assets
GfxDevice: creating device client; threaded=0
Direct3D:
    Version:  Direct3D 11.0 [level 11.1]
    Renderer: NVIDIA GeForce GTX 1650 (ID=0x1f91)
    Vendor:   
    VRAM:     3962 MB
    Driver:   27.21.14.6172
Initialize mono
Mono path[0] = 'D:/Unity/2020.3.0f1/Editor/Data/Managed'
Mono path[1] = 'D:/Unity/2020.3.0f1/Editor/Data/MonoBleedingEdge/lib/mono/unityjit'
Mono config path = 'D:/Unity/2020.3.0f1/Editor/Data/MonoBleedingEdge/etc'
Using monoOptions --debugger-agent=transport=dt_socket,embedding=1,server=y,suspend=n,address=127.0.0.1:56412
Begin MonoManager ReloadAssembly
Registering precompiled unity dll's ...
Register platform support module: D:/Unity/2020.3.0f1/Editor/Data/PlaybackEngines/WindowsStandaloneSupport/UnityEditor.WindowsStandalone.Extensions.dll
Registered in 0.002762 seconds.
Native extension for WindowsStandalone target not found
Refreshing native plugins compatible for Editor in 93.40 ms, found 1 plugins.
Preloading 0 native plugins for Editor in 0.00 ms.
Invoked RoslynAnalysisRunner static constructor.
RoslynAnalysisRunner will not be running.
RoslynAnalysisRunner has terminated.
Mono: successfully reloaded assembly
- Completed reload, in  2.670 seconds
Platform modules already initialized, skipping
Registering precompiled user dll's ...
Registered in 0.001638 seconds.
Begin MonoManager ReloadAssembly
Native extension for WindowsStandalone target not found
Refreshing native plugins compatible for Editor in 97.96 ms, found 1 plugins.
Preloading 0 native plugins for Editor in 0.00 ms.
Invoked RoslynAnalysisRunner static constructor.
RoslynAnalysisRunner will not be running.
RoslynAnalysisRunner has terminated.
Mono: successfully reloaded assembly
- Completed reload, in  2.503 seconds
Platform modules already initialized, skipping
========================================================================
Worker process is ready to serve import requests
Launched and connected shader compiler UnityShaderCompiler.exe after 0.14 seconds
Refreshing native plugins compatible for Editor in 1.58 ms, found 1 plugins.
Preloading 0 native plugins for Editor in 0.00 ms.
Unloading 1893 Unused Serialized files (Serialized files now loaded: 0)
System memory in use before: 89.0 MB.
System memory in use after: 89.1 MB.

Unloading 19 unused Assets to reduce memory usage. Loaded Objects now: 2341.
Total: 6.409600 ms (FindLiveObjects: 0.505400 ms CreateObjectMapping: 0.223200 ms MarkObjects: 5.438400 ms  DeleteObjects: 0.239600 ms)

========================================================================
Received Prepare
Registering precompiled user dll's ...
Registered in 0.002723 seconds.
Begin MonoManager ReloadAssembly
Native extension for WindowsStandalone target not found
Refreshing native plugins compatible for Editor in 1.24 ms, found 1 plugins.
Preloading 0 native plugins for Editor in 0.00 ms.
Invoked RoslynAnalysisRunner static constructor.
RoslynAnalysisRunner will not be running.
RoslynAnalysisRunner has terminated.
Mono: successfully reloaded assembly
- Completed reload, in  2.365 seconds
Platform modules already initialized, skipping
Refreshing native plugins compatible for Editor in 1.06 ms, found 1 plugins.
Preloading 0 native plugins for Editor in 0.00 ms.
Unloading 1869 Unused Serialized files (Serialized files now loaded: 0)
System memory in use before: 87.5 MB.
System memory in use after: 87.6 MB.

Unloading 7 unused Assets to reduce memory usage. Loaded Objects now: 2345.
Total: 5.140000 ms (FindLiveObjects: 0.405300 ms CreateObjectMapping: 0.189700 ms MarkObjects: 4.489500 ms  DeleteObjects: 0.052900 ms)

========================================================================
Received Import Request.
  path: Assets/Script/PlayerMovement.cs
  artifactKey: Guid(4f416a0c5baa1d74888256b719070253) Importer(815301076,1909f56bfc062723c751e8b465ee728b)
Start importing Assets/Script/PlayerMovement.cs using Guid(4f416a0c5baa1d74888256b719070253) Importer(815301076,1909f56bfc062723c751e8b465ee728b)  -> (artifact id: '1e507080132ed5cc69401ea89eff763a') in 0.191232 seconds
  Import took 0.202504 seconds .

========================================================================
Received Import Request.
  Time since last request: 2.939813 seconds.
  path: ProjectSettings/TagManager.asset
  artifactKey: Guid(00000000000000003000000000000000) Importer(815301076,1909f56bfc062723c751e8b465ee728b)
Start importing ProjectSettings/TagManager.asset using Guid(00000000000000003000000000000000) Importer(815301076,1909f56bfc062723c751e8b465ee728b)  -> (artifact id: 'a1eecef6c9c575bd6ecfddddbdf90d12') in 0.027844 seconds
  Import took 0.036501 seconds .

========================================================================
Received Import Request.
  Time since last request: 0.000600 seconds.
  path: ProjectSettings/TagManager.asset
  artifactKey: Guid(00000000000000003000000000000000) Importer(815301076,1909f56bfc062723c751e8b465ee728b)
Start importing ProjectSettings/TagManager.asset using Guid(00000000000000003000000000000000) Importer(815301076,1909f56bfc062723c751e8b465ee728b)  -> (artifact id: 'a1eecef6c9c575bd6ecfddddbdf90d12') in 0.006245 seconds
  Import took 0.016312 seconds .

========================================================================
Received Prepare
Registering precompiled user dll's ...
Registered in 0.001672 seconds.
Begin MonoManager ReloadAssembly
Native extension for WindowsStandalone target not found
Refreshing native plugins compatible for Editor in 0.42 ms, found 1 plugins.
Preloading 0 native plugins for Editor in 0.00 ms.
Invoked RoslynAnalysisRunner static constructor.
RoslynAnalysisRunner will not be running.
RoslynAnalysisRunner has terminated.
Mono: successfully reloaded assembly
- Completed reload, in  1.081 seconds
Platform modules already initialized, skipping
Refreshing native plugins compatible for Editor in 0.53 ms, found 1 plugins.
Preloading 0 native plugins for Editor in 0.00 ms.
Unloading 1869 Unused Serialized files (Serialized files now loaded: 0)
System memory in use before: 87.5 MB.
System memory in use after: 87.6 MB.

Unloading 9 unused Assets to reduce memory usage. Loaded Objects now: 2349.
Total: 2.559700 ms (FindLiveObjects: 0.309300 ms CreateObjectMapping: 0.094500 ms MarkObjects: 2.107200 ms  DeleteObjects: 0.047500 ms)

========================================================================
Received Import Request.
  Time since last request: 90.358775 seconds.
  path: Assets/Animations/player_anim/Player.controller
  artifactKey: Guid(47fa39aa8617caf47b23fcacd3c03af0) Importer(815301076,1909f56bfc062723c751e8b465ee728b)
Start importing Assets/Animations/player_anim/Player.controller using Guid(47fa39aa8617caf47b23fcacd3c03af0) Importer(815301076,1909f56bfc062723c751e8b465ee728b)  -> (artifact id: 'c91e7fe5ae2b8db233b655b3bbdd4867') in 0.045024 seconds
  Import took 0.058041 seconds .

========================================================================
Received Prepare
Registering precompiled user dll's ...
Registered in 0.001090 seconds.
Begin MonoManager ReloadAssembly
Native extension for WindowsStandalone target not found
Refreshing native plugins compatible for Editor in 1.06 ms, found 1 plugins.
Preloading 0 native plugins for Editor in 0.00 ms.
Invoked RoslynAnalysisRunner static constructor.
RoslynAnalysisRunner will not be running.
RoslynAnalysisRunner has terminated.
Mono: successfully reloaded assembly
- Completed reload, in  2.485 seconds
Platform modules already initialized, skipping
Refreshing native plugins compatible for Editor in 0.78 ms, found 1 plugins.
Preloading 0 native plugins for Editor in 0.00 ms.
Unloading 1869 Unused Serialized files (Serialized files now loaded: 0)
System memory in use before: 87.6 MB.
System memory in use after: 87.7 MB.

Unloading 7 unused Assets to reduce memory usage. Loaded Objects now: 2353.
Total: 4.367100 ms (FindLiveObjects: 0.304200 ms CreateObjectMapping: 0.143700 ms MarkObjects: 3.876600 ms  DeleteObjects: 0.040200 ms)

========================================================================
Received Prepare
Registering precompiled user dll's ...
Registered in 0.001688 seconds.
Begin MonoManager ReloadAssembly
Native extension for WindowsStandalone target not found
Refreshing native plugins compatible for Editor in 0.73 ms, found 1 plugins.
Preloading 0 native plugins for Editor in 0.00 ms.
Invoked RoslynAnalysisRunner static constructor.
RoslynAnalysisRunner will not be running.
RoslynAnalysisRunner has terminated.
Mono: successfully reloaded assembly
- Completed reload, in  2.058 seconds
Platform modules already initialized, skipping
Refreshing native plugins compatible for Editor in 0.50 ms, found 1 plugins.
Preloading 0 native plugins for Editor in 0.00 ms.
Unloading 1869 Unused Serialized files (Serialized files now loaded: 0)
System memory in use before: 87.6 MB.
System memory in use after: 87.7 MB.

Unloading 7 unused Assets to reduce memory usage. Loaded Objects now: 2357.
Total: 2.709000 ms (FindLiveObjects: 0.346400 ms CreateObjectMapping: 0.113800 ms MarkObjects: 2.226300 ms  DeleteObjects: 0.021400 ms)

========================================================================
Received Import Request.
  Time since last request: 174.143029 seconds.
  path: Assets/Character/WIZARD WALK jump1.png
  artifactKey: Guid(ad1c687b24854e04ca5e0892a3387d96) Importer(815301076,1909f56bfc062723c751e8b465ee728b)
Start importing Assets/Character/WIZARD WALK jump1.png using Guid(ad1c687b24854e04ca5e0892a3387d96) Importer(815301076,1909f56bfc062723c751e8b465ee728b)  -> (artifact id: '71e5015f575323d13c634c9376f48e6d') in 0.391562 seconds
  Import took 0.406079 seconds .

========================================================================
Received Import Request.
  Time since last request: 9.128083 seconds.
  path: Assets/Character/WIZARD WALK jump1.png
  artifactKey: Guid(ad1c687b24854e04ca5e0892a3387d96) Importer(815301076,1909f56bfc062723c751e8b465ee728b)
Start importing Assets/Character/WIZARD WALK jump1.png using Guid(ad1c687b24854e04ca5e0892a3387d96) Importer(815301076,1909f56bfc062723c751e8b465ee728b)  -> (artifact id: '64effc91aebacb5fae754c3b88290b8d') in 0.018642 seconds
  Import took 0.026035 seconds .

========================================================================
Received Import Request.
  Time since last request: 7.711355 seconds.
  path: Assets/Character/WIZARD WALK jump1.png
  artifactKey: Guid(ad1c687b24854e04ca5e0892a3387d96) Importer(815301076,1909f56bfc062723c751e8b465ee728b)
Start importing Assets/Character/WIZARD WALK jump1.png using Guid(ad1c687b24854e04ca5e0892a3387d96) Importer(815301076,1909f56bfc062723c751e8b465ee728b)  -> (artifact id: '3736ac18b824f74ebf2eccc371936226') in 0.043853 seconds
  Import took 0.052770 seconds .

========================================================================
Received Import Request.
  Time since last request: 215.504979 seconds.
  path: Assets/Animations/player_anim/Player.controller
  artifactKey: Guid(47fa39aa8617caf47b23fcacd3c03af0) Importer(815301076,1909f56bfc062723c751e8b465ee728b)
Start importing Assets/Animations/player_anim/Player.controller using Guid(47fa39aa8617caf47b23fcacd3c03af0) Importer(815301076,1909f56bfc062723c751e8b465ee728b)  -> (artifact id: '5984a71c03264341ccede938f36bb5b2') in 0.013859 seconds
  Import took 0.029211 seconds .

========================================================================
Received Prepare
Registering precompiled user dll's ...
Registered in 0.001612 seconds.
Begin MonoManager ReloadAssembly
Native extension for WindowsStandalone target not found
Refreshing native plugins compatible for Editor in 0.49 ms, found 1 plugins.
Preloading 0 native plugins for Editor in 0.00 ms.
Invoked RoslynAnalysisRunner static constructor.
RoslynAnalysisRunner will not be running.
RoslynAnalysisRunner has terminated.
Mono: successfully reloaded assembly
- Completed reload, in  0.996 seconds
Platform modules already initialized, skipping
Refreshing native plugins compatible for Editor in 0.49 ms, found 1 plugins.
Preloading 0 native plugins for Editor in 0.00 ms.
Unloading 1869 Unused Serialized files (Serialized files now loaded: 0)
System memory in use before: 90.7 MB.
System memory in use after: 90.8 MB.

Unloading 7 unused Assets to reduce memory usage. Loaded Objects now: 2373.
Total: 2.763900 ms (FindLiveObjects: 0.399000 ms CreateObjectMapping: 0.196400 ms MarkObjects: 2.114900 ms  DeleteObjects: 0.051600 ms)

========================================================================
Received Prepare
Registering precompiled user dll's ...
Registered in 0.001024 seconds.
Begin MonoManager ReloadAssembly
Native extension for WindowsStandalone target not found
Refreshing native plugins compatible for Editor in 0.72 ms, found 1 plugins.
Preloading 0 native plugins for Editor in 0.00 ms.
Invoked RoslynAnalysisRunner static constructor.
RoslynAnalysisRunner will not be running.
RoslynAnalysisRunner has terminated.
Mono: successfully reloaded assembly
- Completed reload, in  2.214 seconds
Platform modules already initialized, skipping
Refreshing native plugins compatible for Editor in 0.70 ms, found 1 plugins.
Preloading 0 native plugins for Editor in 0.00 ms.
Unloading 1869 Unused Serialized files (Serialized files now loaded: 0)
System memory in use before: 90.7 MB.
System memory in use after: 90.8 MB.

Unloading 7 unused Assets to reduce memory usage. Loaded Objects now: 2377.
Total: 4.058600 ms (FindLiveObjects: 0.472200 ms CreateObjectMapping: 0.245800 ms MarkObjects: 3.297900 ms  DeleteObjects: 0.040200 ms)

========================================================================
Received Prepare
Registering precompiled user dll's ...
Registered in 0.001803 seconds.
Begin MonoManager ReloadAssembly
Native extension for WindowsStandalone target not found
Refreshing native plugins compatible for Editor in 0.97 ms, found 1 plugins.
Preloading 0 native plugins for Editor in 0.00 ms.
Invoked RoslynAnalysisRunner static constructor.
RoslynAnalysisRunner will not be running.
RoslynAnalysisRunner has terminated.
Mono: successfully reloaded assembly
- Completed reload, in  3.226 seconds
Platform modules already initialized, skipping
Refreshing native plugins compatible for Editor in 1.00 ms, found 1 plugins.
Preloading 0 native plugins for Editor in 0.00 ms.
Unloading 1869 Unused Serialized files (Serialized files now loaded: 0)
System memory in use before: 90.7 MB.
System memory in use after: 90.8 MB.

Unloading 7 unused Assets to reduce memory usage. Loaded Objects now: 2381.
Total: 8.531000 ms (FindLiveObjects: 0.530400 ms CreateObjectMapping: 0.447300 ms MarkObjects: 7.477800 ms  DeleteObjects: 0.071100 ms)

========================================================================
Received Import Request.
  Time since last request: 417.673685 seconds.
  path: Assets/Animations/Buttons
  artifactKey: Guid(037dbec3316990c4bac1834c8ac560da) Importer(815301076,1909f56bfc062723c751e8b465ee728b)
Start importing Assets/Animations/Buttons using Guid(037dbec3316990c4bac1834c8ac560da) Importer(815301076,1909f56bfc062723c751e8b465ee728b)  -> (artifact id: 'abfb882e0a5750272d725257e5f9a040') in 0.012707 seconds
  Import took 0.019401 seconds .

========================================================================
Received Import Request.
  Time since last request: 2.842956 seconds.
  path: Assets/AnimationButton/ButtonAnimation.controller
  artifactKey: Guid(4fda2eed47cffa44aadc543c5f97e6d9) Importer(815301076,1909f56bfc062723c751e8b465ee728b)
Start importing Assets/AnimationButton/ButtonAnimation.controller using Guid(4fda2eed47cffa44aadc543c5f97e6d9) Importer(815301076,1909f56bfc062723c751e8b465ee728b)  -> (artifact id: '318fc32b6125ebf26fb517befcb60816') in 0.021998 seconds
  Import took 0.029307 seconds .

========================================================================
Received Import Request.
  Time since last request: 12.276325 seconds.
  path: Assets/Scenes/Level 1.unity
  artifactKey: Guid(7e6a77641255c99479fece37fa83de77) Importer(815301076,1909f56bfc062723c751e8b465ee728b)
Start importing Assets/Scenes/Level 1.unity using Guid(7e6a77641255c99479fece37fa83de77) Importer(815301076,1909f56bfc062723c751e8b465ee728b)  -> (artifact id: '8f84a75adea9f47261fff0c916f6de09') in 0.015328 seconds
  Import took 0.024135 seconds .

========================================================================
Received Prepare
Registering precompiled user dll's ...
Registered in 0.001907 seconds.
Begin MonoManager ReloadAssembly
Native extension for WindowsStandalone target not found
Refreshing native plugins compatible for Editor in 0.44 ms, found 1 plugins.
Preloading 0 native plugins for Editor in 0.00 ms.
Invoked RoslynAnalysisRunner static constructor.
RoslynAnalysisRunner will not be running.
RoslynAnalysisRunner has terminated.
Mono: successfully reloaded assembly
- Completed reload, in  1.385 seconds
Platform modules already initialized, skipping
Refreshing native plugins compatible for Editor in 0.55 ms, found 1 plugins.
Preloading 0 native plugins for Editor in 0.00 ms.
Unloading 1869 Unused Serialized files (Serialized files now loaded: 0)
System memory in use before: 90.7 MB.
System memory in use after: 90.8 MB.

Unloading 7 unused Assets to reduce memory usage. Loaded Objects now: 2385.
Total: 2.779900 ms (FindLiveObjects: 0.249800 ms CreateObjectMapping: 0.107200 ms MarkObjects: 2.389000 ms  DeleteObjects: 0.032300 ms)

========================================================================
Received Prepare
Registering precompiled user dll's ...
Registered in 0.001601 seconds.
Begin MonoManager ReloadAssembly
Native extension for WindowsStandalone target not found
Refreshing native plugins compatible for Editor in 1.10 ms, found 1 plugins.
Preloading 0 native plugins for Editor in 0.00 ms.
Invoked RoslynAnalysisRunner static constructor.
RoslynAnalysisRunner will not be running.
RoslynAnalysisRunner has terminated.
Mono: successfully reloaded assembly
- Completed reload, in  2.501 seconds
Platform modules already initialized, skipping
Refreshing native plugins compatible for Editor in 1.02 ms, found 1 plugins.
Preloading 0 native plugins for Editor in 0.00 ms.
Unloading 1869 Unused Serialized files (Serialized files now loaded: 0)
System memory in use before: 90.7 MB.
System memory in use after: 90.8 MB.

Unloading 7 unused Assets to reduce memory usage. Loaded Objects now: 2389.
Total: 4.786300 ms (FindLiveObjects: 0.452900 ms CreateObjectMapping: 0.209900 ms MarkObjects: 4.077700 ms  DeleteObjects: 0.042400 ms)

AssetImportWorkerClient::OnTransportError - code=2 error=End of file
